<?xml version="1.0" encoding="UTF-8"?>
<!-- Generated by org.testng.reporters.JUnitReportReporter -->
<testsuite skipped="0" hostname="LAPTOP-F7OMCQ2C" name="com.qa.test.LoginTest" tests="6" failures="0" timestamp="2019-11-27T17:24:37 IST" time="39.495" errors="0">
  <testcase name="CheckValidLogin" time="6.531" classname="com.qa.test.LoginTest"/>
  <testcase name="CheckTitle" time="6.585" classname="com.qa.test.LoginTest"/>
  <testcase name="validatechecklogoimg" time="6.169" classname="com.qa.test.LoginTest"/>
  <testcase name="Checkinvalidlogin" time="6.412" classname="com.qa.test.LoginTest"/>
  <testcase name="Checkpwderrormsg" time="7.087" classname="com.qa.test.LoginTest"/>
  <testcase name="Checkstayloginbtn" time="6.711" classname="com.qa.test.LoginTest"/>
</testsuite> <!-- com.qa.test.LoginTest -->
