<?xml version="1.0" encoding="UTF-8"?>
<!-- Generated by org.testng.reporters.JUnitReportReporter -->
<testsuite skipped="0" hostname="LAPTOP-F7OMCQ2C" name="com.qa.test.OrderTest" tests="9" failures="0" timestamp="2019-11-27T17:24:37 IST" time="149.263" errors="0">
  <testcase name="validateclickonorder" time="15.466" classname="com.qa.test.OrderTest"/>
  <testcase name="validateclickoninvoices" time="15.069" classname="com.qa.test.OrderTest"/>
  <testcase name="validateclickonmerchandisereturns" time="12.788" classname="com.qa.test.OrderTest"/>
  <testcase name="validateclickondeliveryslips" time="17.692" classname="com.qa.test.OrderTest"/>
  <testcase name="validateclickoncreditslips" time="17.722" classname="com.qa.test.OrderTest"/>
  <testcase name="validateclickonstatuses" time="15.721" classname="com.qa.test.OrderTest"/>
  <testcase name="validateclickonordermsgs" time="17.952" classname="com.qa.test.OrderTest"/>
  <testcase name="validatecreatenewcustomer" time="19.358" classname="com.qa.test.OrderTest"/>
  <testcase name="validatecreatenewcustomer" time="17.495" classname="com.qa.test.OrderTest"/>
</testsuite> <!-- com.qa.test.OrderTest -->
